C:\USERS\SHAWN EASTWOOD\DOCUMENTS\RESEARCH ASSISTANT\PROJECTS\UNCERTAINTY_CLASSES_2\UNCERTAINTY_CLASSES_2\UNCERTAINTY_CLASSES_2\DEBUG\FACTORS.OBJ
C:\USERS\SHAWN EASTWOOD\DOCUMENTS\RESEARCH ASSISTANT\PROJECTS\UNCERTAINTY_CLASSES_2\UNCERTAINTY_CLASSES_2\UNCERTAINTY_CLASSES_2\DEBUG\FACTORS_2.OBJ
C:\USERS\SHAWN EASTWOOD\DOCUMENTS\RESEARCH ASSISTANT\PROJECTS\UNCERTAINTY_CLASSES_2\UNCERTAINTY_CLASSES_2\UNCERTAINTY_CLASSES_2\DEBUG\FACTOR_TEMPLATE.OBJ
C:\USERS\SHAWN EASTWOOD\DOCUMENTS\RESEARCH ASSISTANT\PROJECTS\UNCERTAINTY_CLASSES_2\UNCERTAINTY_CLASSES_2\UNCERTAINTY_CLASSES_2\DEBUG\MAIN.OBJ
C:\USERS\SHAWN EASTWOOD\DOCUMENTS\RESEARCH ASSISTANT\PROJECTS\UNCERTAINTY_CLASSES_2\UNCERTAINTY_CLASSES_2\UNCERTAINTY_CLASSES_2\DEBUG\VARIABLES.OBJ
C:\USERS\SHAWN EASTWOOD\DOCUMENTS\RESEARCH ASSISTANT\PROJECTS\UNCERTAINTY_CLASSES_2\UNCERTAINTY_CLASSES_2\UNCERTAINTY_CLASSES_2\DEBUG\VC110.PDB
C:\USERS\SHAWN EASTWOOD\DOCUMENTS\RESEARCH ASSISTANT\PROJECTS\UNCERTAINTY_CLASSES_2\UNCERTAINTY_CLASSES_2\DEBUG\UNCERTAINTY_CLASSES_2.ILK
C:\USERS\SHAWN EASTWOOD\DOCUMENTS\RESEARCH ASSISTANT\PROJECTS\UNCERTAINTY_CLASSES_2\UNCERTAINTY_CLASSES_2\DEBUG\UNCERTAINTY_CLASSES_2.EXE
C:\USERS\SHAWN EASTWOOD\DOCUMENTS\RESEARCH ASSISTANT\PROJECTS\UNCERTAINTY_CLASSES_2\UNCERTAINTY_CLASSES_2\DEBUG\UNCERTAINTY_CLASSES_2.PDB
C:\Users\Shawn Eastwood\Documents\Research Assistant\Projects\Uncertainty_Classes_2\Uncertainty_Classes_2\Uncertainty_Classes_2\Debug\Factors.obj
C:\Users\Shawn Eastwood\Documents\Research Assistant\Projects\Uncertainty_Classes_2\Uncertainty_Classes_2\Uncertainty_Classes_2\Debug\Factors_2.obj
C:\Users\Shawn Eastwood\Documents\Research Assistant\Projects\Uncertainty_Classes_2\Uncertainty_Classes_2\Uncertainty_Classes_2\Debug\Factor_Template.obj
C:\Users\Shawn Eastwood\Documents\Research Assistant\Projects\Uncertainty_Classes_2\Uncertainty_Classes_2\Uncertainty_Classes_2\Debug\main.obj
C:\Users\Shawn Eastwood\Documents\Research Assistant\Projects\Uncertainty_Classes_2\Uncertainty_Classes_2\Uncertainty_Classes_2\Debug\Variables.obj
C:\Users\Shawn Eastwood\Documents\Research Assistant\Projects\Uncertainty_Classes_2\Uncertainty_Classes_2\Uncertainty_Classes_2\Debug\cl.command.1.tlog
C:\Users\Shawn Eastwood\Documents\Research Assistant\Projects\Uncertainty_Classes_2\Uncertainty_Classes_2\Uncertainty_Classes_2\Debug\CL.read.1.tlog
C:\Users\Shawn Eastwood\Documents\Research Assistant\Projects\Uncertainty_Classes_2\Uncertainty_Classes_2\Uncertainty_Classes_2\Debug\CL.write.1.tlog
C:\Users\Shawn Eastwood\Documents\Research Assistant\Projects\Uncertainty_Classes_2\Uncertainty_Classes_2\Uncertainty_Classes_2\Debug\link-cvtres.read.1.tlog
C:\Users\Shawn Eastwood\Documents\Research Assistant\Projects\Uncertainty_Classes_2\Uncertainty_Classes_2\Uncertainty_Classes_2\Debug\link-cvtres.write.1.tlog
C:\Users\Shawn Eastwood\Documents\Research Assistant\Projects\Uncertainty_Classes_2\Uncertainty_Classes_2\Uncertainty_Classes_2\Debug\link-rc.read.1.tlog
C:\Users\Shawn Eastwood\Documents\Research Assistant\Projects\Uncertainty_Classes_2\Uncertainty_Classes_2\Uncertainty_Classes_2\Debug\link-rc.write.1.tlog
C:\Users\Shawn Eastwood\Documents\Research Assistant\Projects\Uncertainty_Classes_2\Uncertainty_Classes_2\Uncertainty_Classes_2\Debug\link.3360-cvtres.read.1.tlog
C:\Users\Shawn Eastwood\Documents\Research Assistant\Projects\Uncertainty_Classes_2\Uncertainty_Classes_2\Uncertainty_Classes_2\Debug\link.3360-cvtres.write.1.tlog
C:\Users\Shawn Eastwood\Documents\Research Assistant\Projects\Uncertainty_Classes_2\Uncertainty_Classes_2\Uncertainty_Classes_2\Debug\link.3360-rc.read.1.tlog
C:\Users\Shawn Eastwood\Documents\Research Assistant\Projects\Uncertainty_Classes_2\Uncertainty_Classes_2\Uncertainty_Classes_2\Debug\link.3360-rc.write.1.tlog
C:\Users\Shawn Eastwood\Documents\Research Assistant\Projects\Uncertainty_Classes_2\Uncertainty_Classes_2\Uncertainty_Classes_2\Debug\link.3360.read.1.tlog
C:\Users\Shawn Eastwood\Documents\Research Assistant\Projects\Uncertainty_Classes_2\Uncertainty_Classes_2\Uncertainty_Classes_2\Debug\link.3360.write.1.tlog
C:\Users\Shawn Eastwood\Documents\Research Assistant\Projects\Uncertainty_Classes_2\Uncertainty_Classes_2\Uncertainty_Classes_2\Debug\link.5156-cvtres.read.1.tlog
C:\Users\Shawn Eastwood\Documents\Research Assistant\Projects\Uncertainty_Classes_2\Uncertainty_Classes_2\Uncertainty_Classes_2\Debug\link.5156-cvtres.write.1.tlog
C:\Users\Shawn Eastwood\Documents\Research Assistant\Projects\Uncertainty_Classes_2\Uncertainty_Classes_2\Uncertainty_Classes_2\Debug\link.5156-rc.read.1.tlog
C:\Users\Shawn Eastwood\Documents\Research Assistant\Projects\Uncertainty_Classes_2\Uncertainty_Classes_2\Uncertainty_Classes_2\Debug\link.5156-rc.write.1.tlog
C:\Users\Shawn Eastwood\Documents\Research Assistant\Projects\Uncertainty_Classes_2\Uncertainty_Classes_2\Uncertainty_Classes_2\Debug\link.5156.read.1.tlog
C:\Users\Shawn Eastwood\Documents\Research Assistant\Projects\Uncertainty_Classes_2\Uncertainty_Classes_2\Uncertainty_Classes_2\Debug\link.5156.write.1.tlog
C:\Users\Shawn Eastwood\Documents\Research Assistant\Projects\Uncertainty_Classes_2\Uncertainty_Classes_2\Uncertainty_Classes_2\Debug\link.5500-cvtres.read.1.tlog
C:\Users\Shawn Eastwood\Documents\Research Assistant\Projects\Uncertainty_Classes_2\Uncertainty_Classes_2\Uncertainty_Classes_2\Debug\link.5500-cvtres.write.1.tlog
C:\Users\Shawn Eastwood\Documents\Research Assistant\Projects\Uncertainty_Classes_2\Uncertainty_Classes_2\Uncertainty_Classes_2\Debug\link.5500-rc.read.1.tlog
C:\Users\Shawn Eastwood\Documents\Research Assistant\Projects\Uncertainty_Classes_2\Uncertainty_Classes_2\Uncertainty_Classes_2\Debug\link.5500-rc.write.1.tlog
C:\Users\Shawn Eastwood\Documents\Research Assistant\Projects\Uncertainty_Classes_2\Uncertainty_Classes_2\Uncertainty_Classes_2\Debug\link.5500.read.1.tlog
C:\Users\Shawn Eastwood\Documents\Research Assistant\Projects\Uncertainty_Classes_2\Uncertainty_Classes_2\Uncertainty_Classes_2\Debug\link.5500.write.1.tlog
C:\Users\Shawn Eastwood\Documents\Research Assistant\Projects\Uncertainty_Classes_2\Uncertainty_Classes_2\Uncertainty_Classes_2\Debug\link.5548-cvtres.read.1.tlog
C:\Users\Shawn Eastwood\Documents\Research Assistant\Projects\Uncertainty_Classes_2\Uncertainty_Classes_2\Uncertainty_Classes_2\Debug\link.5548-cvtres.write.1.tlog
C:\Users\Shawn Eastwood\Documents\Research Assistant\Projects\Uncertainty_Classes_2\Uncertainty_Classes_2\Uncertainty_Classes_2\Debug\link.5548-rc.read.1.tlog
C:\Users\Shawn Eastwood\Documents\Research Assistant\Projects\Uncertainty_Classes_2\Uncertainty_Classes_2\Uncertainty_Classes_2\Debug\link.5548-rc.write.1.tlog
C:\Users\Shawn Eastwood\Documents\Research Assistant\Projects\Uncertainty_Classes_2\Uncertainty_Classes_2\Uncertainty_Classes_2\Debug\link.5548.read.1.tlog
C:\Users\Shawn Eastwood\Documents\Research Assistant\Projects\Uncertainty_Classes_2\Uncertainty_Classes_2\Uncertainty_Classes_2\Debug\link.5548.write.1.tlog
C:\Users\Shawn Eastwood\Documents\Research Assistant\Projects\Uncertainty_Classes_2\Uncertainty_Classes_2\Uncertainty_Classes_2\Debug\link.6540-cvtres.read.1.tlog
C:\Users\Shawn Eastwood\Documents\Research Assistant\Projects\Uncertainty_Classes_2\Uncertainty_Classes_2\Uncertainty_Classes_2\Debug\link.6540-cvtres.write.1.tlog
C:\Users\Shawn Eastwood\Documents\Research Assistant\Projects\Uncertainty_Classes_2\Uncertainty_Classes_2\Uncertainty_Classes_2\Debug\link.6540-rc.read.1.tlog
C:\Users\Shawn Eastwood\Documents\Research Assistant\Projects\Uncertainty_Classes_2\Uncertainty_Classes_2\Uncertainty_Classes_2\Debug\link.6540-rc.write.1.tlog
C:\Users\Shawn Eastwood\Documents\Research Assistant\Projects\Uncertainty_Classes_2\Uncertainty_Classes_2\Uncertainty_Classes_2\Debug\link.6540.read.1.tlog
C:\Users\Shawn Eastwood\Documents\Research Assistant\Projects\Uncertainty_Classes_2\Uncertainty_Classes_2\Uncertainty_Classes_2\Debug\link.6540.write.1.tlog
C:\Users\Shawn Eastwood\Documents\Research Assistant\Projects\Uncertainty_Classes_2\Uncertainty_Classes_2\Uncertainty_Classes_2\Debug\link.7812-cvtres.read.1.tlog
C:\Users\Shawn Eastwood\Documents\Research Assistant\Projects\Uncertainty_Classes_2\Uncertainty_Classes_2\Uncertainty_Classes_2\Debug\link.7812-cvtres.write.1.tlog
C:\Users\Shawn Eastwood\Documents\Research Assistant\Projects\Uncertainty_Classes_2\Uncertainty_Classes_2\Uncertainty_Classes_2\Debug\link.7812-rc.read.1.tlog
C:\Users\Shawn Eastwood\Documents\Research Assistant\Projects\Uncertainty_Classes_2\Uncertainty_Classes_2\Uncertainty_Classes_2\Debug\link.7812-rc.write.1.tlog
C:\Users\Shawn Eastwood\Documents\Research Assistant\Projects\Uncertainty_Classes_2\Uncertainty_Classes_2\Uncertainty_Classes_2\Debug\link.7812.read.1.tlog
C:\Users\Shawn Eastwood\Documents\Research Assistant\Projects\Uncertainty_Classes_2\Uncertainty_Classes_2\Uncertainty_Classes_2\Debug\link.7812.write.1.tlog
C:\Users\Shawn Eastwood\Documents\Research Assistant\Projects\Uncertainty_Classes_2\Uncertainty_Classes_2\Uncertainty_Classes_2\Debug\link.7960-cvtres.read.1.tlog
C:\Users\Shawn Eastwood\Documents\Research Assistant\Projects\Uncertainty_Classes_2\Uncertainty_Classes_2\Uncertainty_Classes_2\Debug\link.7960-cvtres.write.1.tlog
C:\Users\Shawn Eastwood\Documents\Research Assistant\Projects\Uncertainty_Classes_2\Uncertainty_Classes_2\Uncertainty_Classes_2\Debug\link.7960-rc.read.1.tlog
C:\Users\Shawn Eastwood\Documents\Research Assistant\Projects\Uncertainty_Classes_2\Uncertainty_Classes_2\Uncertainty_Classes_2\Debug\link.7960-rc.write.1.tlog
C:\Users\Shawn Eastwood\Documents\Research Assistant\Projects\Uncertainty_Classes_2\Uncertainty_Classes_2\Uncertainty_Classes_2\Debug\link.7960.read.1.tlog
C:\Users\Shawn Eastwood\Documents\Research Assistant\Projects\Uncertainty_Classes_2\Uncertainty_Classes_2\Uncertainty_Classes_2\Debug\link.7960.write.1.tlog
C:\Users\Shawn Eastwood\Documents\Research Assistant\Projects\Uncertainty_Classes_2\Uncertainty_Classes_2\Uncertainty_Classes_2\Debug\link.command.1.tlog
C:\Users\Shawn Eastwood\Documents\Research Assistant\Projects\Uncertainty_Classes_2\Uncertainty_Classes_2\Uncertainty_Classes_2\Debug\link.read.1.tlog
C:\Users\Shawn Eastwood\Documents\Research Assistant\Projects\Uncertainty_Classes_2\Uncertainty_Classes_2\Uncertainty_Classes_2\Debug\link.write.1.tlog
C:\Users\Shawn Eastwood\Documents\Research Assistant\Projects\Uncertainty_Classes_2\Uncertainty_Classes_2\Uncertainty_Classes_2\Debug\vc110.idb
C:\Users\Shawn Eastwood\Documents\Research Assistant\Projects\Uncertainty_Classes_2\Uncertainty_Classes_2\Uncertainty_Classes_2\Debug\vc110.pdb
C:\Users\Shawn Eastwood\Documents\Research Assistant\Projects\Uncertainty_Classes_2\Uncertainty_Classes_2\Debug\Uncertainty_Classes_2.pdb
C:\Users\Shawn Eastwood\Documents\Research Assistant\Projects\Uncertainty_Classes_2\Uncertainty_Classes_2\Debug\Uncertainty_Classes_2.exe
C:\Users\Shawn Eastwood\Documents\Research Assistant\Projects\Uncertainty_Classes_2\Uncertainty_Classes_2\Debug\Uncertainty_Classes_2.ilk
