Build started 2/15/2016 5:42:30 PM.
     1>Project "C:\Users\Shawn Eastwood\Documents\Research Assistant\Projects\Uncertainty_Classes_2_1\Uncertainty_Classes_2_1\Uncertainty_Classes_2_1\Uncertainty_Classes_2_1.vcxproj" on node 2 (Build target(s)).
     1>ClCompile:
         C:\Program Files (x86)\Microsoft Visual Studio 11.0\VC\bin\CL.exe /c /ZI /nologo /W3 /WX- /sdl /Od /Oy- /D _MBCS /Gm /EHsc /RTC1 /MDd /GS /fp:precise /Zc:wchar_t /Zc:forScope /Fo"Debug\\" /Fd"Debug\vc110.pdb" /Gd /TP /analyze- /errorReport:prompt Factors.cpp Factors_2.cpp Factors_3.cpp Factor_Template.cpp Instruction_Process.cpp main.cpp Variables.cpp
         Variables.cpp
         main.cpp
         Instruction_Process.cpp
         Factor_Template.cpp
         Factors_3.cpp
         Factors_2.cpp
         Factors.cpp
         Generating Code...
       Link:
         C:\Program Files (x86)\Microsoft Visual Studio 11.0\VC\bin\link.exe /ERRORREPORT:PROMPT /OUT:"C:\Users\Shawn Eastwood\Documents\Research Assistant\Projects\Uncertainty_Classes_2_1\Uncertainty_Classes_2_1\Debug\Uncertainty_Classes_2_1.exe" /INCREMENTAL /NOLOGO kernel32.lib user32.lib gdi32.lib winspool.lib comdlg32.lib advapi32.lib shell32.lib ole32.lib oleaut32.lib uuid.lib odbc32.lib odbccp32.lib /MANIFEST /MANIFESTUAC:"level='asInvoker' uiAccess='false'" /manifest:embed /DEBUG /PDB:"C:\Users\Shawn Eastwood\Documents\Research Assistant\Projects\Uncertainty_Classes_2_1\Uncertainty_Classes_2_1\Debug\Uncertainty_Classes_2_1.pdb" /TLBID:1 /DYNAMICBASE /NXCOMPAT /IMPLIB:"C:\Users\Shawn Eastwood\Documents\Research Assistant\Projects\Uncertainty_Classes_2_1\Uncertainty_Classes_2_1\Debug\Uncertainty_Classes_2_1.lib" /MACHINE:X86 Debug\Factors.obj
         Debug\Factors_2.obj
         Debug\Factors_3.obj
         Debug\Factor_Template.obj
         Debug\Instruction_Process.obj
         Debug\main.obj
         Debug\Variables.obj
         Uncertainty_Classes_2_1.vcxproj -> C:\Users\Shawn Eastwood\Documents\Research Assistant\Projects\Uncertainty_Classes_2_1\Uncertainty_Classes_2_1\Debug\Uncertainty_Classes_2_1.exe
     1>Done Building Project "C:\Users\Shawn Eastwood\Documents\Research Assistant\Projects\Uncertainty_Classes_2_1\Uncertainty_Classes_2_1\Uncertainty_Classes_2_1\Uncertainty_Classes_2_1.vcxproj" (Build target(s)).

Build succeeded.

Time Elapsed 00:00:07.62
